2014-05-21T16:39:34.698259+08:00		sql	0.010755	1:(localhost) SELECT * FROM thread; ()
2014-05-21T16:40:02.841256+08:00		sql	0.000317	1:(localhost) SELECT * FROM thread; ()
2014-05-21T16:40:02.861589+08:00		sql	0.000778	1:(localhost) SELECT * FROM thread; ()
2014-05-21T16:43:03.328077+08:00		sql	0.000297	1:(localhost) SELECT * FROM thread; ()
2014-05-21T16:43:04.511486+08:00		sql	0.000271	1:(localhost) SELECT * FROM thread; ()
2014-05-21T16:43:20.327239+08:00		sql	0.002010	1:(localhost) SELECT * FROM thread; ()
2014-05-21T16:43:21.545793+08:00		sql	0.000301	1:(localhost) SELECT * FROM thread; ()
2014-05-21T16:43:21.800026+08:00		sql	0.000255	1:(localhost) SELECT * FROM thread; ()
2014-05-21T16:43:22.014053+08:00		sql	0.000240	1:(localhost) SELECT * FROM thread; ()
2014-05-21T16:43:22.230612+08:00		sql	0.000244	1:(localhost) SELECT * FROM thread; ()
2014-05-21T16:48:29.457682+08:00		sql	0.001624	1:(localhost) SELECT * FROM thread; ()
2014-05-21T16:51:34.593445+08:00		sql	0.000295	1:(localhost) SELECT * FROM thread; ()
2014-05-21T16:51:42.314557+08:00		sql	0.000297	1:(localhost) SELECT * FROM thread; ()
2014-05-21T16:54:19.162236+08:00		sql	0.000255	1:(localhost) SELECT * FROM thread; ()
2014-05-21T16:54:25.690766+08:00		sql	0.000272	1:(localhost) SELECT * FROM thread; ()
2014-05-21T16:57:31.953831+08:00		sql	0.000293	1:(localhost) SELECT * FROM thread; ()
2014-05-21T16:57:33.029733+08:00		sql	0.000258	1:(localhost) SELECT * FROM thread; ()
2014-05-21T16:58:06.888014+08:00		sql	0.000269	1:(localhost) SELECT * FROM thread; ()
2014-05-21T16:58:56.317663+08:00		sql	0.000301	1:(localhost) SELECT * FROM thread; ()
2014-05-21T17:04:43.096388+08:00		sql	0.000317	1:(localhost) SELECT * FROM thread; ()
2014-05-21T17:04:44.026892+08:00		sql	0.000269	1:(localhost) SELECT * FROM thread; ()
2014-05-21T17:04:52.722380+08:00		sql	0.000329	1:(localhost) SELECT * FROM thread; ()
2014-05-21T17:06:59.788453+08:00		sql	0.003423	1:(localhost) SELECT * FROM thread; ()
2014-05-21T17:08:25.156883+08:00		sql	0.000296	1:(localhost) SELECT * FROM thread; ()
2014-05-21T17:08:34.788575+08:00		sql	0.000283	1:(localhost) SELECT * FROM thread; ()
2014-05-21T17:09:03.742545+08:00		sql	0.000300	1:(localhost) SELECT * FROM thread; ()
2014-05-21T17:09:28.819872+08:00		sql	0.000301	1:(localhost) SELECT * FROM thread; ()
2014-05-21T17:09:36.464310+08:00		sql	0.000272	1:(localhost) SELECT * FROM thread; ()
2014-05-21T17:19:21.812228+08:00		sql	0.000246	1:(localhost) SELECT * FROM thread; ()
2014-05-21T17:20:23.217188+08:00		sql	0.000297	1:(localhost) SELECT * FROM thread; ()
2014-05-21T17:28:38.970055+08:00		sql	0.000280	1:(localhost) SELECT * FROM thread; ()
2014-05-21T18:33:29.031182+08:00		sql	0.000252	1:(localhost) SELECT * FROM thread; ()
2014-05-21T18:40:08.896413+08:00		sql	0.000253	1:(localhost) SELECT * FROM thread; ()
2014-05-21T18:40:26.128824+08:00		sql	0.000283	1:(localhost) SELECT * FROM thread; ()
2014-05-21T18:40:27.146217+08:00		sql	0.000256	1:(localhost) SELECT * FROM thread; ()
2014-05-21T18:41:16.807663+08:00		sql	0.000251	1:(localhost) SELECT * FROM thread; ()
2014-05-21T18:42:07.639688+08:00		sql	0.000294	1:(localhost) SELECT * FROM thread; ()
2014-05-21T18:42:23.273437+08:00		sql	0.000306	1:(localhost) SELECT * FROM thread; ()
2014-05-21T18:42:36.469497+08:00		sql	0.000264	1:(localhost) SELECT * FROM thread; ()
2014-05-21T18:44:28.487832+08:00		sql	0.000281	1:(localhost) SELECT * FROM thread; ()
2014-05-21T18:51:28.319722+08:00		sql	0.000290	1:(localhost) SELECT * FROM thread; ()
2014-05-21T18:52:03.625699+08:00		sql	0.000262	1:(localhost) SELECT * FROM thread; ()
2014-05-21T18:58:46.355483+08:00		sql	0.000223	1:(localhost) SELECT * FROM thread; ()
2014-05-21T18:58:48.243834+08:00		sql	0.000344	1:(localhost) SELECT * FROM thread; ()
2014-05-21T18:58:49.600209+08:00		sql	0.000304	1:(localhost) SELECT * FROM thread; ()
2014-05-21T19:00:14.694631+08:00		sql	0.000324	1:(localhost) SELECT * FROM thread; ()
2014-05-21T19:09:40.179959+08:00		sql	0.000268	1:(localhost) SELECT * FROM thread; ()
2014-05-21T19:09:59.547498+08:00		sql	0.000251	1:(localhost) SELECT * FROM thread; ()
2014-05-21T19:10:28.130702+08:00		sql	0.000296	1:(localhost) SELECT * FROM thread; ()
2014-05-21T19:17:55.355404+08:00		sql	0.000247	1:(localhost) SELECT * FROM thread; ()
2014-05-21T19:18:06.977379+08:00		sql	0.000241	1:(localhost) SELECT * FROM thread; ()
2014-05-21T19:20:59.294457+08:00		sql	0.000299	1:(localhost) SELECT * FROM thread; ()
2014-05-21T19:21:40.860434+08:00		sql	0.000262	1:(localhost) SELECT * FROM thread; ()
2014-05-21T19:21:44.326947+08:00		sql	0.005972	1:(localhost) SELECT * FROM thread WHERE id = ?; (1)
2014-05-21T19:23:18.286416+08:00		sql	0.000319	1:(localhost) SELECT * FROM thread WHERE id = ?; (1)
2014-05-21T19:26:23.255802+08:00		sql	0.000290	1:(localhost) SELECT * FROM thread WHERE id = ?; (1)
2014-05-22T16:43:43.113267+08:00		sql	0.008504	1:(localhost) SELECT * FROM thread; ()
2014-05-22T16:43:44.837904+08:00		sql	0.002680	1:(localhost) SELECT * FROM thread WHERE id = ?; (1)
2014-05-22T17:05:57.454656+08:00		sql	0.000267	1:(localhost) SELECT * FROM thread WHERE id = ?; (1)
2014-05-22T17:06:23.254702+08:00		sql	0.000347	1:(localhost) SELECT * FROM thread WHERE id = ?; (1)
2014-05-22T17:06:38.182878+08:00		sql	0.000307	1:(localhost) SELECT * FROM thread WHERE id = ?; (1)
2014-05-22T17:09:58.369139+08:00		sql	0.000326	1:(localhost) SELECT * FROM thread WHERE id = ?; (1)
2014-05-22T17:23:32.302101+08:00		sql	0.000247	1:(localhost) SELECT * FROM thread WHERE id = ?; (1)
2014-05-22T17:24:04.039367+08:00		sql	0.000261	1:(localhost) SELECT * FROM thread WHERE id = ?; (1)
2014-05-22T17:25:13.735628+08:00		sql	0.000316	1:(localhost) SELECT * FROM thread WHERE id = ?; (1)
2014-05-22T17:26:18.127007+08:00		sql	0.000300	1:(localhost) SELECT * FROM thread WHERE id = ?; (1)
2014-05-22T17:26:18.127677+08:00		sql	0.000330	2:(localhost) SELECT * FROM comment WHERE thread_id = ? ORDER BY created ASC; ()
2014-05-22T17:27:46.458170+08:00		sql	0.000364	1:(localhost) SELECT * FROM thread WHERE id = ?; (1)
2014-05-22T17:27:46.458871+08:00		sql	0.000284	2:(localhost) SELECT * FROM comment WHERE thread_id = ? ORDER BY created ASC; ()
2014-05-22T17:27:59.851933+08:00		sql	0.000315	1:(localhost) SELECT * FROM thread WHERE id = ?; (1)
2014-05-22T17:27:59.852646+08:00		sql	0.000267	2:(localhost) SELECT * FROM comment WHERE thread_id = ? ORDER BY created ASC; ()
2014-05-22T17:28:13.714828+08:00		sql	0.000299	1:(localhost) SELECT * FROM thread WHERE id = ?; (1)
2014-06-03T16:47:55.593210+08:00		sql	0.065102	1:(localhost) SELECT * FROM thread; ()
2014-06-03T16:47:55.781965+08:00		sql	0.000303	1:(localhost) SELECT * FROM thread; ()
2014-06-03T16:47:59.878882+08:00		sql	0.003139	1:(localhost) SELECT * FROM thread WHERE id = ?; (1)
2014-06-03T17:12:20.504109+08:00		sql	0.000843	1:(localhost) SELECT * FROM thread WHERE id = ?; (1)
2014-06-03T17:14:41.865063+08:00		sql	0.001531	1:(localhost) SELECT * FROM thread WHERE id = ?; (2)
2014-06-03T17:14:41.873728+08:00		sql	0.007448	2:(localhost) SELECT * FROM comment WHERE thread_id = ? ORDER BY created ASC; ()
2014-06-03T17:16:41.500719+08:00		sql	0.001060	1:(localhost) SELECT * FROM thread WHERE id = ?; (2)
2014-06-03T17:16:52.742222+08:00		sql	0.000343	1:(localhost) SELECT * FROM thread WHERE id = ?; (2)
2014-06-03T17:16:53.743244+08:00		sql	0.000284	1:(localhost) SELECT * FROM thread WHERE id = ?; (2)
2014-06-03T17:18:56.463905+08:00		sql	0.000317	1:(localhost) SELECT * FROM thread WHERE id = ?; (2)
2014-06-03T18:07:15.658532+08:00		sql	0.001075	1:(localhost) SELECT * FROM thread; ()
2014-06-03T18:07:16.889450+08:00		sql	0.000662	1:(localhost) SELECT * FROM thread WHERE id = ?; (1)
2014-06-03T18:08:24.951326+08:00		sql	0.000749	1:(localhost) SELECT * FROM thread WHERE id = ?; (1)
2014-06-03T18:08:35.865823+08:00		sql	0.000247	1:(localhost) SELECT * FROM thread WHERE id = ?; (1)
2014-06-03T18:08:38.794651+08:00		sql	0.000541	1:(localhost) SELECT * FROM thread WHERE id = ?; (2)
2014-06-03T18:11:27.698076+08:00		sql	0.000411	1:(localhost) SELECT * FROM thread WHERE id = ?; (1)
2014-06-03T18:38:12.033537+08:00		sql	0.000373	1:(localhost) SELECT * FROM thread WHERE id = ?; (1)
2014-06-03T18:38:23.356462+08:00		sql	0.000319	1:(localhost) SELECT * FROM thread WHERE id = ?; (1)
2014-06-03T18:38:29.022477+08:00		sql	0.000288	1:(localhost) SELECT * FROM thread WHERE id = ?; (1)
2014-06-03T18:40:02.232337+08:00		sql	0.000313	1:(localhost) SELECT * FROM thread WHERE id = ?; (1)
2014-06-03T18:43:21.912490+08:00		sql	0.000289	1:(localhost) SELECT * FROM thread; ()
2014-06-03T18:43:23.002847+08:00		sql	0.000293	1:(localhost) SELECT * FROM thread WHERE id = ?; (1)
2014-06-03T18:43:32.008168+08:00		sql	0.000359	1:(localhost) SELECT * FROM thread WHERE id = ?; (1)
2014-06-03T18:43:34.762393+08:00		sql	0.001727	1:(localhost) SELECT * FROM thread WHERE id = ?; (2)
2014-06-03T18:43:52.468268+08:00		sql	0.000280	1:(localhost) SELECT * FROM thread WHERE id = ?; (2)
2014-06-03T18:43:52.468822+08:00		sql	0.000176	2:(localhost) SELECT * FROM comment WHERE thread_id = ? ORDER BY created ASC; ()
2014-06-03T18:44:27.195007+08:00		sql	0.000264	1:(localhost) SELECT * FROM thread WHERE id = ?; (2)
2014-06-03T18:44:27.210337+08:00		sql	0.014558	2:(localhost) INSERT INTO comment SET
                thread_id = ?,
                username = ?, body = ?,
                created = NOW(); (2, charm, sgseg)
2014-06-03T18:44:29.619695+08:00		sql	0.000321	1:(localhost) SELECT * FROM thread WHERE id = ?; (2)
2014-06-03T18:44:29.620366+08:00		sql	0.000255	2:(localhost) SELECT * FROM comment WHERE thread_id = ? ORDER BY created ASC; ()
2014-06-03T18:44:54.076053+08:00		sql	0.000335	1:(localhost) SELECT * FROM thread WHERE id = ?; (2)
2014-06-03T18:46:07.683861+08:00		sql	0.000271	1:(localhost) SELECT * FROM thread WHERE id = ?; (2)
2014-06-03T18:46:12.666674+08:00		sql	0.000385	1:(localhost) SELECT * FROM thread WHERE id = ?; (1)
2014-06-03T18:46:21.069036+08:00		sql	0.000318	1:(localhost) SELECT * FROM thread WHERE id = ?; (1)
2014-06-03T18:46:21.069791+08:00		sql	0.000279	2:(localhost) SELECT * FROM comment WHERE thread_id = ? ORDER BY created ASC; ()
2014-06-03T18:46:37.711746+08:00		sql	0.000290	1:(localhost) SELECT * FROM thread WHERE id = ?; (1)
2014-06-03T18:46:40.707730+08:00		sql	0.000378	1:(localhost) SELECT * FROM thread WHERE id = ?; (1)
2014-06-03T18:46:57.663573+08:00		sql	0.000312	1:(localhost) SELECT * FROM thread; ()
2014-06-03T18:46:57.969364+08:00		sql	0.000261	1:(localhost) SELECT * FROM thread; ()
2014-06-03T18:46:59.627828+08:00		sql	0.000364	1:(localhost) SELECT * FROM thread WHERE id = ?; (1)
2014-06-03T18:47:47.932047+08:00		sql	0.000246	1:(localhost) SELECT * FROM thread WHERE id = ?; (1)
2014-06-03T18:47:51.064712+08:00		sql	0.000325	1:(localhost) SELECT * FROM thread WHERE id = ?; (1)
2014-06-03T18:48:04.048999+08:00		sql	0.000285	1:(localhost) SELECT * FROM thread WHERE id = ?; (1)
2014-06-03T18:48:53.296527+08:00		sql	0.000284	1:(localhost) SELECT * FROM thread WHERE id = ?; (1)
2014-06-03T18:49:01.690936+08:00		sql	0.000301	1:(localhost) SELECT * FROM thread WHERE id = ?; (1)
2014-06-03T18:49:03.895993+08:00		sql	0.000305	1:(localhost) SELECT * FROM thread WHERE id = ?; (2)
2014-06-03T18:49:07.027753+08:00		sql	0.000315	1:(localhost) SELECT * FROM thread WHERE id = ?; (2)
2014-06-03T18:49:07.029696+08:00		sql	0.001267	2:(localhost) INSERT INTO comment SET
                thread_id = ?,
                username = ?, body = ?,
                created = NOW(); (2, dfsdff, asdsa)
2014-06-03T18:49:08.362416+08:00		sql	0.000343	1:(localhost) SELECT * FROM thread WHERE id = ?; (2)
2014-06-03T18:50:19.558936+08:00		sql	0.000366	1:(localhost) SELECT * FROM thread WHERE id = ?; (2)
2014-06-03T18:52:02.778249+08:00		sql	0.000277	1:(localhost) SELECT * FROM thread WHERE id = ?; ()
2014-06-03T18:52:16.232676+08:00		sql	0.000233	1:(localhost) SELECT * FROM thread WHERE id = ?; ()
2014-06-03T18:52:17.779271+08:00		sql	0.000281	1:(localhost) SELECT * FROM thread WHERE id = ?; ()
2014-06-03T18:52:19.985596+08:00		sql	0.000239	1:(localhost) SELECT * FROM thread WHERE id = ?; ()
2014-06-03T18:52:21.487921+08:00		sql	0.000267	1:(localhost) SELECT * FROM thread WHERE id = ?; ()
2014-06-03T18:52:24.547113+08:00		sql	0.000280	1:(localhost) SELECT * FROM thread; ()
2014-06-03T18:52:24.756404+08:00		sql	0.000291	1:(localhost) SELECT * FROM thread; ()
2014-06-03T18:52:26.150754+08:00		sql	0.000238	1:(localhost) SELECT * FROM thread WHERE id = ?; ()
2014-06-03T18:52:41.084835+08:00		sql	0.000317	1:(localhost) SELECT * FROM thread WHERE id = ?; (1)
2014-06-03T18:52:55.573535+08:00		sql	0.001995	1:(localhost) SELECT * FROM thread WHERE id = ?; (1)
2014-06-03T18:53:13.437480+08:00		sql	0.000287	1:(localhost) SELECT * FROM thread WHERE id = ?; (1)
2014-06-03T18:53:37.186113+08:00		sql	0.000254	1:(localhost) SELECT * FROM thread WHERE id = ?; (1)
2014-06-03T18:53:37.191580+08:00		sql	0.005134	2:(localhost) SELECT * FROM comment WHERE thread_id = 1 ORDER BY created ASC; ()
2014-06-03T18:53:41.580788+08:00		sql	0.000279	1:(localhost) SELECT * FROM thread WHERE id = ?; (1)
2014-06-03T18:53:41.581446+08:00		sql	0.000330	2:(localhost) SELECT * FROM comment WHERE thread_id = 1 ORDER BY created ASC; ()
2014-06-03T18:53:51.170864+08:00		sql	0.000307	1:(localhost) SELECT * FROM thread WHERE id = ?; (1)
2014-06-03T18:53:51.172184+08:00		sql	0.000828	2:(localhost) INSERT INTO comment SET
                thread_id = ?,
                username = ?, body = ?,
                created = NOW(); (1, fazfa, agda)
2014-06-03T18:53:52.537909+08:00		sql	0.000286	1:(localhost) SELECT * FROM thread WHERE id = ?; (1)
2014-06-03T18:53:52.541162+08:00		sql	0.002960	2:(localhost) SELECT * FROM comment WHERE thread_id = 1 ORDER BY created ASC; ()
2014-06-03T18:58:31.190403+08:00		sql	0.000281	1:(localhost) SELECT * FROM thread WHERE id = ?; (1)
2014-06-03T18:58:31.190896+08:00		sql	0.000161	2:(localhost) SELECT * FROM comment WHERE thread_id = ? ORDER BY created ASC; ()
2014-06-03T18:59:02.074966+08:00		sql	0.000267	1:(localhost) SELECT * FROM thread WHERE id = ?; (1)
2014-06-03T18:59:27.203796+08:00		sql	0.000326	1:(localhost) SELECT * FROM thread WHERE id = ?; (1)
2014-06-03T19:00:24.722359+08:00		sql	0.000231	1:(localhost) SELECT * FROM thread WHERE id = ?; (1)
2014-06-03T19:00:36.236765+08:00		sql	0.000255	1:(localhost) SELECT * FROM thread WHERE id = ?; (1)
2014-06-03T19:00:36.237246+08:00		sql	0.000241	2:(localhost) SELECT * FROM comment WHERE thread_id = 1 ORDER BY created ASC; ()
2014-06-03T19:02:02.673614+08:00		sql	0.000285	1:(localhost) SELECT * FROM thread WHERE id = ?; (1)
2014-06-03T19:02:02.674200+08:00		sql	0.000285	2:(localhost) SELECT * FROM comment WHERE thread_id = 1 ORDER BY created ASC; ()
2014-06-03T19:02:33.441086+08:00		sql	0.000310	1:(localhost) SELECT * FROM thread WHERE id = ?; (1)
2014-06-03T19:02:33.443163+08:00		sql	0.001633	2:(localhost) SELECT * FROM comment WHERE thread_id = 1 ORDER BY created ASC; ()
2014-06-03T19:05:22.947416+08:00		sql	0.000269	1:(localhost) SELECT * FROM thread WHERE id = ?; (1)
2014-06-03T19:05:22.948047+08:00		sql	0.000264	2:(localhost) SELECT * FROM comment WHERE thread_id = 1 ORDER BY created ASC; ()
2014-06-03T19:05:25.045555+08:00		sql	0.000288	1:(localhost) SELECT * FROM thread WHERE id = ?; (1)
2014-06-03T19:05:25.046615+08:00		sql	0.000642	2:(localhost) SELECT * FROM comment WHERE thread_id = 1 ORDER BY created ASC; ()
2014-06-03T19:05:31.495509+08:00		sql	0.000244	1:(localhost) SELECT * FROM thread; ()
2014-06-03T19:05:32.647094+08:00		sql	0.000289	1:(localhost) SELECT * FROM thread WHERE id = ?; (1)
2014-06-03T19:05:32.648413+08:00		sql	0.000836	2:(localhost) SELECT * FROM comment WHERE thread_id = 1 ORDER BY created ASC; ()
2014-06-03T19:08:33.106178+08:00		sql	0.000289	1:(localhost) SELECT * FROM thread WHERE id = ?; (1)
2014-06-03T19:08:33.106965+08:00		sql	0.000378	2:(localhost) SELECT * FROM comment WHERE thread_id = ? ORDER BY created ASC; (1)
2014-06-03T19:08:34.626609+08:00		sql	0.000226	1:(localhost) SELECT * FROM thread WHERE id = ?; (1)
2014-06-03T19:08:34.627303+08:00		sql	0.000339	2:(localhost) SELECT * FROM comment WHERE thread_id = ? ORDER BY created ASC; (1)
2014-06-03T19:09:05.658401+08:00		sql	0.001974	1:(localhost) SELECT * FROM thread WHERE id = ?; (1)
2014-06-03T19:09:05.659208+08:00		sql	0.000366	2:(localhost) SELECT * FROM comment WHERE thread_id = ? ORDER BY created ASC; (1)
2014-06-03T19:09:07.892035+08:00		sql	0.000255	1:(localhost) SELECT * FROM thread WHERE id = ?; (1)
2014-06-03T19:09:07.892724+08:00		sql	0.000308	2:(localhost) SELECT * FROM comment WHERE thread_id = ? ORDER BY created ASC; (1)
2014-06-03T19:09:17.026129+08:00		sql	0.000291	1:(localhost) SELECT * FROM thread WHERE id = ?; (1)
2014-06-03T19:09:17.026880+08:00		sql	0.000438	2:(localhost) SELECT * FROM comment WHERE thread_id = ? ORDER BY created ASC; (1)
2014-06-03T19:09:26.099372+08:00		sql	0.000269	1:(localhost) SELECT * FROM thread WHERE id = ?; (1)
2014-06-03T19:09:26.099893+08:00		sql	0.000249	2:(localhost) SELECT * FROM comment WHERE thread_id = ? ORDER BY created ASC; (1)
2014-06-03T19:09:29.357485+08:00		sql	0.000317	1:(localhost) SELECT * FROM thread WHERE id = ?; (2)
2014-06-03T19:09:29.358145+08:00		sql	0.000323	2:(localhost) SELECT * FROM comment WHERE thread_id = ? ORDER BY created ASC; (2)
2014-06-03T19:09:40.665674+08:00		sql	0.000315	1:(localhost) SELECT * FROM thread WHERE id = ?; (2)
2014-06-03T19:09:40.668217+08:00		sql	0.002032	2:(localhost) INSERT INTO comment SET
                thread_id = ?,
                username = ?, body = ?,
                created = NOW(); (2, new name, new comment)
2014-06-03T19:09:41.537085+08:00		sql	0.000260	1:(localhost) SELECT * FROM thread WHERE id = ?; (2)
2014-06-03T19:09:41.537706+08:00		sql	0.000287	2:(localhost) SELECT * FROM comment WHERE thread_id = ? ORDER BY created ASC; (2)
2014-06-04T19:11:57.783739+08:00		sql	0.043714	1:(localhost) SELECT * FROM thread; ()
2014-06-04T19:13:38.236286+08:00		sql	0.002313	1:(localhost) SELECT * FROM thread WHERE id = ?; (1)
2014-06-04T19:13:38.240085+08:00		sql	0.003402	2:(localhost) SELECT * FROM comment WHERE thread_id = ? ORDER BY created ASC; (1)
2014-06-04T19:13:48.004136+08:00		sql	0.000393	1:(localhost) SELECT * FROM thread WHERE id = ?; (1)
2014-06-04T19:13:48.009026+08:00		sql	0.004192	2:(localhost) INSERT INTO comment SET
                thread_id = ?,
                username = ?, body = ?,
                created = NOW(); (1, charm, sample text2)
2014-06-04T19:13:49.402877+08:00		sql	0.000289	1:(localhost) SELECT * FROM thread WHERE id = ?; (1)
2014-06-04T19:13:49.403571+08:00		sql	0.000364	2:(localhost) SELECT * FROM comment WHERE thread_id = ? ORDER BY created ASC; (1)
2014-06-04T19:21:14.756138+08:00		sql	0.000381	1:(localhost) SELECT * FROM thread WHERE id = ?; (1)
2014-06-04T19:21:14.756950+08:00		sql	0.000447	2:(localhost) SELECT * FROM comment WHERE thread_id = ? ORDER BY created ASC; (1)
2014-06-04T19:21:18.444431+08:00		sql	0.000313	1:(localhost) SELECT * FROM thread; ()
2014-06-04T19:21:19.830293+08:00		sql	0.000269	1:(localhost) SELECT * FROM thread WHERE id = ?; (2)
2014-06-04T19:21:19.830949+08:00		sql	0.000349	2:(localhost) SELECT * FROM comment WHERE thread_id = ? ORDER BY created ASC; (2)
2014-06-04T19:21:25.272950+08:00		sql	0.000435	1:(localhost) SELECT * FROM thread WHERE id = ?; (2)
2014-06-04T19:24:02.459490+08:00		sql	0.002367	1:(localhost) SELECT * FROM thread WHERE id = ?; (2)
2014-06-04T19:24:05.719278+08:00		sql	0.000295	1:(localhost) SELECT * FROM thread WHERE id = ?; (2)
2014-06-04T19:37:08.834709+08:00		sql	0.000875	1:(localhost) SELECT * FROM thread; ()
2014-06-04T19:37:10.452416+08:00		sql	0.001447	1:(localhost) SELECT * FROM thread WHERE id = ?; (1)
2014-06-04T19:37:10.455686+08:00		sql	0.003001	2:(localhost) SELECT * FROM comment WHERE thread_id = ? ORDER BY created ASC; (1)
2014-06-04T19:37:14.223025+08:00		sql	0.000362	1:(localhost) SELECT * FROM thread WHERE id = ?; (1)
2014-06-04T19:37:19.218261+08:00		sql	0.001173	1:(localhost) SELECT * FROM thread WHERE id = ?; (1)
2014-06-04T19:38:27.528702+08:00		sql	0.000546	1:(localhost) SELECT * FROM thread WHERE id = ?; (1)
2014-06-04T19:38:27.531376+08:00		sql	0.001732	2:(localhost) INSERT INTO comment SET
                thread_id = ?,
                username = ?, body = ?,
                created = NOW(); (1, charm, bdadfagaefag)
2014-06-04T19:38:29.129402+08:00		sql	0.000288	1:(localhost) SELECT * FROM thread WHERE id = ?; (1)
2014-06-04T19:38:29.132563+08:00		sql	0.002797	2:(localhost) SELECT * FROM comment WHERE thread_id = ? ORDER BY created ASC; (1)
2014-06-04T19:40:08.057562+08:00		sql	0.000501	1:(localhost) SELECT * FROM thread WHERE id = ?; (1)
2014-06-04T19:41:05.251668+08:00		sql	0.000241	1:(localhost) SELECT * FROM thread WHERE id = ?; (1)
2014-06-04T19:41:11.811480+08:00		sql	0.000821	1:(localhost) SELECT * FROM thread WHERE id = ?; (1)
2014-06-04T19:41:39.878686+08:00		sql	0.001293	1:(localhost) SELECT * FROM thread WHERE id = ?; (1)
2014-06-04T19:47:38.609295+08:00		sql	0.000266	1:(localhost) SELECT * FROM thread WHERE id = ?; (1)
2014-06-04T19:47:43.126628+08:00		sql	0.000257	1:(localhost) SELECT * FROM thread WHERE id = ?; (1)
2014-06-04T19:48:24.167483+08:00		sql	0.000254	1:(localhost) SELECT * FROM thread WHERE id = ?; (1)
2014-06-04T19:48:24.168605+08:00		sql	0.000736	2:(localhost) INSERT INTO comment SET
                thread_id = ?,
                username = ?, body = ?,
                created = NOW(); (1, charmelle, geyh)
2014-06-04T19:48:25.734868+08:00		sql	0.000291	1:(localhost) SELECT * FROM thread WHERE id = ?; (1)
2014-06-04T19:48:25.737441+08:00		sql	0.002211	2:(localhost) SELECT * FROM comment WHERE thread_id = ? ORDER BY created ASC; (1)
2014-06-04T19:49:55.050871+08:00		sql	0.000279	1:(localhost) SELECT * FROM thread WHERE id = ?; (1)
2014-06-04T19:49:55.051615+08:00		sql	0.000413	2:(localhost) SELECT * FROM comment WHERE thread_id = ? ORDER BY created ASC; (1)
2014-06-04T19:49:58.736247+08:00		sql	0.000307	1:(localhost) SELECT * FROM thread WHERE id = ?; (1)
2014-06-04T19:50:12.679742+08:00		sql	0.000345	1:(localhost) SELECT * FROM thread WHERE id = ?; (1)
2014-06-04T19:53:33.060177+08:00		sql	0.000320	1:(localhost) SELECT * FROM thread; ()
2014-06-04T19:53:34.547927+08:00		sql	0.000311	1:(localhost) SELECT * FROM thread WHERE id = ?; (1)
2014-06-04T19:53:34.550071+08:00		sql	0.001750	2:(localhost) SELECT * FROM comment WHERE thread_id = ? ORDER BY created ASC; (1)
2014-06-04T19:53:38.010691+08:00		sql	0.000309	1:(localhost) SELECT * FROM thread WHERE id = ?; (1)
2014-06-04T19:53:38.015298+08:00		sql	0.001211	2:(localhost) INSERT INTO comment SET
                thread_id = ?,
                username = ?, body = ?,
                created = NOW(); (1, sgsgs, sbds)
2014-06-04T19:53:39.403128+08:00		sql	0.000291	1:(localhost) SELECT * FROM thread WHERE id = ?; (1)
2014-06-04T19:53:39.403850+08:00		sql	0.000418	2:(localhost) SELECT * FROM comment WHERE thread_id = ? ORDER BY created ASC; (1)
2014-06-04T19:54:27.850763+08:00		sql	0.000270	1:(localhost) SELECT * FROM thread; ()
2014-06-04T19:54:58.401505+08:00		sql	0.000302	1:(localhost) SELECT * FROM thread; ()
2014-06-04T20:07:29.066795+08:00		sql	0.000307	1:(localhost) SELECT * FROM thread; ()
2014-06-04T20:08:05.126685+08:00		sql	0.000285	1:(localhost) SELECT * FROM thread; ()
2014-06-04T20:08:18.813104+08:00		sql	0.000000	1:(localhost) BEGIN; ()
2014-06-04T20:08:18.816099+08:00		sql	0.002677	2:(localhost) INSERT INTO thread SET title = ?, created = NOW(); (New)
2014-06-04T20:08:18.817837+08:00		sql	0.001005	3:(localhost) INSERT INTO comment SET
                thread_id = ?,
                username = ?, body = ?,
                created = NOW(); (3, charm, Hi)
2014-06-04T20:08:18.819196+08:00		sql	0.001005	4:(localhost) COMMIT; ()
2014-06-04T20:08:20.167880+08:00		sql	0.000321	1:(localhost) SELECT * FROM thread WHERE id = ?; (3)
2014-06-04T20:08:20.170730+08:00		sql	0.002445	2:(localhost) SELECT * FROM comment WHERE thread_id = ? ORDER BY created ASC; (3)
2014-06-04T20:08:25.147778+08:00		sql	0.000271	1:(localhost) SELECT * FROM thread; ()
2014-06-04T20:08:27.144009+08:00		sql	0.000285	1:(localhost) SELECT * FROM thread WHERE id = ?; (3)
2014-06-04T20:08:27.144958+08:00		sql	0.000514	2:(localhost) SELECT * FROM comment WHERE thread_id = ? ORDER BY created ASC; (3)
2014-06-04T20:10:37.218855+08:00		sql	0.000282	1:(localhost) SELECT * FROM thread WHERE id = ?; (3)
2014-06-04T20:10:37.220506+08:00		sql	0.000764	2:(localhost) INSERT INTO comment SET
                thread_id = ?,
                username = ?, body = ?,
                created = NOW(); (3, sfhsh, sgdsg
sgs

sg)
2014-06-04T20:10:38.415614+08:00		sql	0.000301	1:(localhost) SELECT * FROM thread WHERE id = ?; (3)
2014-06-04T20:10:38.416149+08:00		sql	0.000292	2:(localhost) SELECT * FROM comment WHERE thread_id = ? ORDER BY created ASC; (3)
2014-06-04T20:11:06.649655+08:00		sql	0.000273	1:(localhost) SELECT * FROM thread WHERE id = ?; (3)
2014-06-04T20:11:06.650305+08:00		sql	0.000346	2:(localhost) SELECT * FROM comment WHERE thread_id = ? ORDER BY created ASC; (3)
2014-06-04T20:11:28.194978+08:00		sql	0.000268	1:(localhost) SELECT * FROM thread; ()
2014-06-04T20:11:30.354973+08:00		sql	0.000330	1:(localhost) SELECT * FROM thread WHERE id = ?; (3)
2014-06-04T20:11:30.355658+08:00		sql	0.000376	2:(localhost) SELECT * FROM comment WHERE thread_id = ? ORDER BY created ASC; (3)
2014-06-04T20:11:35.653753+08:00		sql	0.001984	1:(localhost) SELECT * FROM thread WHERE id = ?; (2)
2014-06-04T20:11:35.654605+08:00		sql	0.000426	2:(localhost) SELECT * FROM comment WHERE thread_id = ? ORDER BY created ASC; (2)
2014-06-04T20:12:32.587549+08:00		sql	0.001763	1:(localhost) SELECT * FROM thread WHERE id = ?; (2)
2014-06-04T20:12:32.588180+08:00		sql	0.000294	2:(localhost) SELECT * FROM comment WHERE thread_id = ? ORDER BY created ASC; (2)
2014-06-04T20:12:38.137617+08:00		sql	0.000281	1:(localhost) SELECT * FROM thread WHERE id = ?; (2)
2014-06-04T20:12:38.139140+08:00		sql	0.001037	2:(localhost) INSERT INTO comment SET
                thread_id = ?,
                username = ?, body = ?,
                created = NOW(); (2, dfsv, sbsb
asds

sgds)
2014-06-04T20:12:39.444891+08:00		sql	0.000301	1:(localhost) SELECT * FROM thread WHERE id = ?; (2)
2014-06-04T20:12:39.445476+08:00		sql	0.000299	2:(localhost) SELECT * FROM comment WHERE thread_id = ? ORDER BY created ASC; (2)
2014-06-05T19:27:46.849898+08:00		sql	0.043201	1:(localhost) SELECT * FROM thread; ()
2014-06-05T19:27:47.073938+08:00		sql	0.000602	1:(localhost) SELECT * FROM thread; ()
